[INFO] Scanning for projects...
[INFO] 
[INFO] -------------< com.internship:internship-platform-backend >-------------
[INFO] Building internship-platform-backend 0.0.1-SNAPSHOT
[INFO]   from pom.xml
[INFO] --------------------------------[ jar ]---------------------------------
[INFO] 
[INFO] >>> spring-boot:3.3.5:run (default-cli) > test-compile @ internship-platform-backend >>>
[INFO] 
[INFO] --- resources:3.3.1:resources (default-resources) @ internship-platform-backend ---
[INFO] Copying 3 resources from src\main\resources to target\classes
[INFO] Copying 4 resources from src\main\resources to target\classes
[INFO] 
[INFO] --- compiler:3.13.0:compile (default-compile) @ internship-platform-backend ---
[INFO] Nothing to compile - all classes are up to date.
[INFO] 
[INFO] --- resources:3.3.1:testResources (default-testResources) @ internship-platform-backend ---
[INFO] skip non existing resourceDirectory D:\CFile\ЪІЗЖЩњЪЕЯАМЧТМЦНЬЈ\backend-spring\src\test\resources
[INFO] 
[INFO] --- compiler:3.13.0:testCompile (default-testCompile) @ internship-platform-backend ---
[INFO] Nothing to compile - all classes are up to date.
[INFO] 
[INFO] <<< spring-boot:3.3.5:run (default-cli) < test-compile @ internship-platform-backend <<<
[INFO] 
[INFO] 
[INFO] --- spring-boot:3.3.5:run (default-cli) @ internship-platform-backend ---
[INFO] Attaching agents: []
ДэЮѓ: евВЛЕНЛђЮоЗЈМгдижїРр com.internship.platform.InternshipPlatformApplication
д­вђ: java.lang.ClassNotFoundException: com.internship.platform.InternshipPlatformApplication
[INFO] ------------------------------------------------------------------------
[INFO] BUILD FAILURE
[INFO] ------------------------------------------------------------------------
[INFO] Total time:  3.567 s
[INFO] Finished at: 2026-03-29T00:04:50+08:00
[INFO] ------------------------------------------------------------------------
[ERROR] Failed to execute goal org.springframework.boot:spring-boot-maven-plugin:3.3.5:run (default-cli) on project internship-platform-backend: Process terminated with exit code: 1 -> [Help 1]
[ERROR] 
[ERROR] To see the full stack trace of the errors, re-run Maven with the -e switch.
[ERROR] Re-run Maven using the -X switch to enable full debug logging.
[ERROR] 
[ERROR] For more information about the errors and possible solutions, please read the following articles:
[ERROR] [Help 1] http://cwiki.apache.org/confluence/display/MAVEN/MojoExecutionException
