
  .   ____          _            __ _ _
 /\\ / ___'_ __ _ _(_)_ __  __ _ \ \ \ \
( ( )\___ | '_ | '_| | '_ \/ _` | \ \ \ \
 \\/  ___)| |_)| | | | | || (_| |  ) ) ) )
  '  |____| .__|_| |_|_| |_\__, | / / / /
 =========|_|==============|___/=/_/_/_/

 :: Spring Boot ::                (v3.3.5)

2026-03-25T20:34:43.455+08:00  INFO 16864 --- [internship-platform-backend] [           main] c.i.p.InternshipPlatformApplication      : Starting InternshipPlatformApplication v0.0.1-SNAPSHOT using Java 21.0.8 with PID 16864 (D:\CFile\师范生实习记录平台\backend-spring\target\internship-platform-backend-0.0.1-SNAPSHOT.jar started by 32468 in D:\CFile\师范生实习记录平台\backend-spring)
2026-03-25T20:34:43.459+08:00  INFO 16864 --- [internship-platform-backend] [           main] c.i.p.InternshipPlatformApplication      : No active profile set, falling back to 1 default profile: "default"
2026-03-25T20:34:45.004+08:00  INFO 16864 --- [internship-platform-backend] [           main] o.s.b.w.embedded.tomcat.TomcatWebServer  : Tomcat initialized with port 8080 (http)
2026-03-25T20:34:45.019+08:00  INFO 16864 --- [internship-platform-backend] [           main] o.apache.catalina.core.StandardService   : Starting service [Tomcat]
2026-03-25T20:34:45.019+08:00  INFO 16864 --- [internship-platform-backend] [           main] o.apache.catalina.core.StandardEngine    : Starting Servlet engine: [Apache Tomcat/10.1.31]
2026-03-25T20:34:45.059+08:00  INFO 16864 --- [internship-platform-backend] [           main] o.a.c.c.C.[Tomcat].[localhost].[/]       : Initializing Spring embedded WebApplicationContext
2026-03-25T20:34:45.061+08:00  INFO 16864 --- [internship-platform-backend] [           main] w.s.c.ServletWebServerApplicationContext : Root WebApplicationContext: initialization completed in 1536 ms
2026-03-25T20:34:45.091+08:00  INFO 16864 --- [internship-platform-backend] [           main] com.zaxxer.hikari.HikariDataSource       : HikariPool-1 - Starting...
2026-03-25T20:34:45.330+08:00  INFO 16864 --- [internship-platform-backend] [           main] com.zaxxer.hikari.pool.HikariPool        : HikariPool-1 - Added connection conn0: url=jdbc:h2:mem:internship_platform user=SA
2026-03-25T20:34:45.332+08:00  INFO 16864 --- [internship-platform-backend] [           main] com.zaxxer.hikari.HikariDataSource       : HikariPool-1 - Start completed.
2026-03-25T20:34:45.343+08:00  INFO 16864 --- [internship-platform-backend] [           main] o.s.b.a.h2.H2ConsoleAutoConfiguration    : H2 console available at '/h2-console'. Database available at 'jdbc:h2:mem:internship_platform'
 _ _   |_  _ _|_. ___ _ |    _ 
| | |\/|_)(_| | |_\  |_)||_|_\ 
     /               |         
                        3.5.8 
2026-03-25T20:34:46.290+08:00  WARN 16864 --- [internship-platform-backend] [           main] .s.s.UserDetailsServiceAutoConfiguration : 

Using generated security password: c67c0749-6f16-4215-ac4c-4295fe4a3801

This generated password is for development use only. Your security configuration must be updated before running your application in production.

2026-03-25T20:34:46.325+08:00  INFO 16864 --- [internship-platform-backend] [           main] r$InitializeUserDetailsManagerConfigurer : Global AuthenticationManager configured with UserDetailsService bean with name inMemoryUserDetailsManager
2026-03-25T20:34:46.804+08:00  INFO 16864 --- [internship-platform-backend] [           main] o.s.b.w.embedded.tomcat.TomcatWebServer  : Tomcat started on port 8080 (http) with context path '/'
2026-03-25T20:34:46.813+08:00  INFO 16864 --- [internship-platform-backend] [           main] c.i.p.InternshipPlatformApplication      : Started InternshipPlatformApplication in 3.974 seconds (process running for 4.668)
2026-03-25T20:38:46.371+08:00  INFO 16864 --- [internship-platform-backend] [nio-8080-exec-1] o.a.c.c.C.[Tomcat].[localhost].[/]       : Initializing Spring DispatcherServlet 'dispatcherServlet'
2026-03-25T20:38:46.372+08:00  INFO 16864 --- [internship-platform-backend] [nio-8080-exec-1] o.s.web.servlet.DispatcherServlet        : Initializing Servlet 'dispatcherServlet'
2026-03-25T20:38:46.378+08:00  INFO 16864 --- [internship-platform-backend] [nio-8080-exec-1] o.s.web.servlet.DispatcherServlet        : Completed initialization in 5 ms
